\BOOKMARK [0][-]{chapter*.2}{Abstract}{}% 1
\BOOKMARK [0][-]{chapter.1}{Introduction}{}% 2
\BOOKMARK [0][-]{chapter.2}{Contexte}{}% 3
\BOOKMARK [1][-]{section.2.1}{Situation de l'eau \340 Ha\357ti}{chapter.2}% 4
\BOOKMARK [1][-]{section.2.2}{Gestion actuelle}{chapter.2}% 5
\BOOKMARK [1][-]{section.2.3}{Comparaison avec d'autres pays}{chapter.2}% 6
\BOOKMARK [1][-]{section.2.4}{Comparaison avec des outils existants}{chapter.2}% 7
\BOOKMARK [0][-]{chapter.3}{Organisation}{}% 8
\BOOKMARK [1][-]{section.3.1}{Approche de travail}{chapter.3}% 9
\BOOKMARK [1][-]{section.3.2}{M\351thodologie}{chapter.3}% 10
\BOOKMARK [1][-]{section.3.3}{R\351partition des t\342ches}{chapter.3}% 11
\BOOKMARK [0][-]{chapter.4}{Analyse des besoins}{}% 12
\BOOKMARK [1][-]{section.4.1}{Besoins fonctionnels}{chapter.4}% 13
\BOOKMARK [1][-]{section.4.2}{Besoins non-fonctionnels}{chapter.4}% 14
\BOOKMARK [1][-]{section.4.3}{Cahier des charges}{chapter.4}% 15
\BOOKMARK [1][-]{section.4.4}{Structure des donn\351es}{chapter.4}% 16
\BOOKMARK [0][-]{chapter.5}{Impl\351mentation}{}% 17
\BOOKMARK [1][-]{section.5.1}{Choix technologiques}{chapter.5}% 18
\BOOKMARK [1][-]{section.5.2}{La hi\351rarchie dans l'application}{chapter.5}% 19
\BOOKMARK [1][-]{section.5.3}{Interface utilisateur}{chapter.5}% 20
\BOOKMARK [1][-]{section.5.4}{Proc\351dure d'utilisation}{chapter.5}% 21
\BOOKMARK [1][-]{section.5.5}{Client}{chapter.5}% 22
\BOOKMARK [1][-]{section.5.6}{Serveur}{chapter.5}% 23
\BOOKMARK [0][-]{chapter.6}{Validation}{}% 24
\BOOKMARK [1][-]{section.6.1}{Performances}{chapter.6}% 25
\BOOKMARK [1][-]{section.6.2}{V\351rifications automatiques}{chapter.6}% 26
\BOOKMARK [1][-]{section.6.3}{V\351rifications utilisateurs r\351els}{chapter.6}% 27
\BOOKMARK [0][-]{chapter.7}{Am\351liorations futures}{}% 28
\BOOKMARK [1][-]{section.7.1}{Suite du projet}{chapter.7}% 29
\BOOKMARK [1][-]{section.7.2}{D\351fis rencontr\351s}{chapter.7}% 30
\BOOKMARK [1][-]{section.7.3}{Propositions}{chapter.7}% 31
\BOOKMARK [0][-]{chapter.8}{Conclusion}{}% 32
\BOOKMARK [0][-]{chapter*.60}{Bibliographie}{}% 33
\BOOKMARK [0][-]{appendix.A}{Cahier des charges complet}{}% 34
\BOOKMARK [0][-]{appendix.B}{Base de donn\351es}{}% 35
\BOOKMARK [0][-]{appendix.C}{Wireframes}{}% 36
\BOOKMARK [0][-]{appendix.D}{Diagrammes d'activit\351}{}% 37
\BOOKMARK [0][-]{appendix.E}{Documents de validation}{}% 38
